-------------------------------------------------------------------------------
Test set: com.howtodoinjava.example.springconfigclient.SpringConfigClientApplicationTests
-------------------------------------------------------------------------------
Tests run: 1, Failures: 0, Errors: 1, Skipped: 0, Time elapsed: 0.028 s <<< FAILURE! - in com.howtodoinjava.example.springconfigclient.SpringConfigClientApplicationTests
initializationError  Time elapsed: 0.018 s  <<< ERROR!
java.lang.IllegalStateException: Unable to find a @SpringBootConfiguration, you need to use @ContextConfiguration or @SpringBootTest(classes=...) with your test

