<?xml version="1.0" encoding="UTF-8"?>
<testsuite xmlns:xsi="http://www.w3.org/2001/XMLSchema-instance" xsi:noNamespaceSchemaLocation="https://maven.apache.org/surefire/maven-surefire-plugin/xsd/surefire-test-report.xsd" name="com.howtodoinjava.example.springconfigclient.SpringConfigClientApplicationTests" time="0.017" tests="1" errors="1" skipped="0" failures="0">
  <properties>
[...]
</properties>
  <testcase name="initializationError" classname="com.howtodoinjava.example.springconfigclient.SpringConfigClientApplicationTests" time="0.01">
    <error message="Unable to find a @SpringBootConfiguration, you need to use @ContextConfiguration or @SpringBootTest(classes=...) with your test" type="java.lang.IllegalStateException">java.lang.IllegalStateException: Unable to find a @SpringBootConfiguration, you need to use @ContextConfiguration or @SpringBootTest(classes=...) with your test
</error>
    <system-out><![CDATA[20:33:32.528 [main] DEBUG org.springframework.test.context.junit4.SpringJUnit4ClassRunner - SpringJUnit4ClassRunner constructor called with [class com.howtodoinjava.example.springconfigclient.SpringConfigClientApplicationTests]
20:33:32.534 [main] DEBUG org.springframework.test.context.BootstrapUtils - Instantiating CacheAwareContextLoaderDelegate from class [org.springframework.test.context.cache.DefaultCacheAwareContextLoaderDelegate]
20:33:32.581 [main] DEBUG org.springframework.test.context.BootstrapUtils - Instantiating BootstrapContext using constructor [public org.springframework.test.context.support.DefaultBootstrapContext(java.lang.Class,org.springframework.test.context.CacheAwareContextLoaderDelegate)]
20:33:32.635 [main] DEBUG org.springframework.test.context.BootstrapUtils - Instantiating TestContextBootstrapper for test class [com.howtodoinjava.example.springconfigclient.SpringConfigClientApplicationTests] from class [org.springframework.boot.test.context.SpringBootTestContextBootstrapper]
20:33:32.655 [main] INFO org.springframework.boot.test.context.SpringBootTestContextBootstrapper - Neither @ContextConfiguration nor @ContextHierarchy found for test class [com.howtodoinjava.example.springconfigclient.SpringConfigClientApplicationTests], using SpringBootContextLoader
20:33:32.660 [main] DEBUG org.springframework.test.context.support.AbstractContextLoader - Did not detect default resource location for test class [com.howtodoinjava.example.springconfigclient.SpringConfigClientApplicationTests]: class path resource [com/howtodoinjava/example/springconfigclient/SpringConfigClientApplicationTests-context.xml] does not exist
20:33:32.661 [main] DEBUG org.springframework.test.context.support.AbstractContextLoader - Did not detect default resource location for test class [com.howtodoinjava.example.springconfigclient.SpringConfigClientApplicationTests]: class path resource [com/howtodoinjava/example/springconfigclient/SpringConfigClientApplicationTestsContext.groovy] does not exist
20:33:32.661 [main] INFO org.springframework.test.context.support.AbstractContextLoader - Could not detect default resource locations for test class [com.howtodoinjava.example.springconfigclient.SpringConfigClientApplicationTests]: no resource found for suffixes {-context.xml, Context.groovy}.
20:33:32.662 [main] INFO org.springframework.test.context.support.AnnotationConfigContextLoaderUtils - Could not detect default configuration classes for test class [com.howtodoinjava.example.springconfigclient.SpringConfigClientApplicationTests]: SpringConfigClientApplicationTests does not declare any static, non-private, non-final, nested classes annotated with @Configuration.
20:33:32.718 [main] DEBUG org.springframework.test.context.support.ActiveProfilesUtils - Could not find an 'annotation declaring class' for annotation type [org.springframework.test.context.ActiveProfiles] and class [com.howtodoinjava.example.springconfigclient.SpringConfigClientApplicationTests]
20:33:32.852 [main] DEBUG org.springframework.test.context.junit4.SpringJUnit4ClassRunner - SpringJUnit4ClassRunner constructor called with [class com.howtodoinjava.example.springconfigclient.SpringConfigClientApplicationTests]
20:33:32.852 [main] DEBUG org.springframework.test.context.BootstrapUtils - Instantiating CacheAwareContextLoaderDelegate from class [org.springframework.test.context.cache.DefaultCacheAwareContextLoaderDelegate]
20:33:32.852 [main] DEBUG org.springframework.test.context.BootstrapUtils - Instantiating BootstrapContext using constructor [public org.springframework.test.context.support.DefaultBootstrapContext(java.lang.Class,org.springframework.test.context.CacheAwareContextLoaderDelegate)]
20:33:32.853 [main] DEBUG org.springframework.test.context.BootstrapUtils - Instantiating TestContextBootstrapper for test class [com.howtodoinjava.example.springconfigclient.SpringConfigClientApplicationTests] from class [org.springframework.boot.test.context.SpringBootTestContextBootstrapper]
20:33:32.854 [main] INFO org.springframework.boot.test.context.SpringBootTestContextBootstrapper - Neither @ContextConfiguration nor @ContextHierarchy found for test class [com.howtodoinjava.example.springconfigclient.SpringConfigClientApplicationTests], using SpringBootContextLoader
20:33:32.854 [main] DEBUG org.springframework.test.context.support.AbstractContextLoader - Did not detect default resource location for test class [com.howtodoinjava.example.springconfigclient.SpringConfigClientApplicationTests]: class path resource [com/howtodoinjava/example/springconfigclient/SpringConfigClientApplicationTests-context.xml] does not exist
20:33:32.855 [main] DEBUG org.springframework.test.context.support.AbstractContextLoader - Did not detect default resource location for test class [com.howtodoinjava.example.springconfigclient.SpringConfigClientApplicationTests]: class path resource [com/howtodoinjava/example/springconfigclient/SpringConfigClientApplicationTestsContext.groovy] does not exist
20:33:32.855 [main] INFO org.springframework.test.context.support.AbstractContextLoader - Could not detect default resource locations for test class [com.howtodoinjava.example.springconfigclient.SpringConfigClientApplicationTests]: no resource found for suffixes {-context.xml, Context.groovy}.
20:33:32.855 [main] INFO org.springframework.test.context.support.AnnotationConfigContextLoaderUtils - Could not detect default configuration classes for test class [com.howtodoinjava.example.springconfigclient.SpringConfigClientApplicationTests]: SpringConfigClientApplicationTests does not declare any static, non-private, non-final, nested classes annotated with @Configuration.
20:33:32.858 [main] DEBUG org.springframework.test.context.support.ActiveProfilesUtils - Could not find an 'annotation declaring class' for annotation type [org.springframework.test.context.ActiveProfiles] and class [com.howtodoinjava.example.springconfigclient.SpringConfigClientApplicationTests]
]]></system-out>
  </testcase>
</testsuite>