<?xml version="1.0" encoding="UTF-8"?>
<testsuite xmlns:xsi="http://www.w3.org/2001/XMLSchema-instance" xsi:noNamespaceSchemaLocation="https://maven.apache.org/surefire/maven-surefire-plugin/xsd/surefire-test-report.xsd" name="com.howtodoinjava.example.springconfigclient.SpringConfigClientApplicationTests" time="0.028" tests="1" errors="1" skipped="0" failures="0">
  <properties>
[...]
</properties>
  <testcase name="initializationError" classname="com.howtodoinjava.example.springconfigclient.SpringConfigClientApplicationTests" time="0.018">
    <error message="Unable to find a @SpringBootConfiguration, you need to use @ContextConfiguration or @SpringBootTest(classes=...) with your test" type="java.lang.IllegalStateException">java.lang.IllegalStateException: Unable to find a @SpringBootConfiguration, you need to use @ContextConfiguration or @SpringBootTest(classes=...) with your test
</error>
    <system-out><![CDATA[13:13:27.096 [main] DEBUG org.springframework.test.context.junit4.SpringJUnit4ClassRunner - SpringJUnit4ClassRunner constructor called with [class com.howtodoinjava.example.springconfigclient.SpringConfigClientApplicationTests]
13:13:27.102 [main] DEBUG org.springframework.test.context.BootstrapUtils - Instantiating CacheAwareContextLoaderDelegate from class [org.springframework.test.context.cache.DefaultCacheAwareContextLoaderDelegate]
13:13:27.119 [main] DEBUG org.springframework.test.context.BootstrapUtils - Instantiating BootstrapContext using constructor [public org.springframework.test.context.support.DefaultBootstrapContext(java.lang.Class,org.springframework.test.context.CacheAwareContextLoaderDelegate)]
13:13:27.158 [main] DEBUG org.springframework.test.context.BootstrapUtils - Instantiating TestContextBootstrapper for test class [com.howtodoinjava.example.springconfigclient.SpringConfigClientApplicationTests] from class [org.springframework.boot.test.context.SpringBootTestContextBootstrapper]
13:13:27.178 [main] INFO org.springframework.boot.test.context.SpringBootTestContextBootstrapper - Neither @ContextConfiguration nor @ContextHierarchy found for test class [com.howtodoinjava.example.springconfigclient.SpringConfigClientApplicationTests], using SpringBootContextLoader
13:13:27.183 [main] DEBUG org.springframework.test.context.support.AbstractContextLoader - Did not detect default resource location for test class [com.howtodoinjava.example.springconfigclient.SpringConfigClientApplicationTests]: class path resource [com/howtodoinjava/example/springconfigclient/SpringConfigClientApplicationTests-context.xml] does not exist
13:13:27.183 [main] DEBUG org.springframework.test.context.support.AbstractContextLoader - Did not detect default resource location for test class [com.howtodoinjava.example.springconfigclient.SpringConfigClientApplicationTests]: class path resource [com/howtodoinjava/example/springconfigclient/SpringConfigClientApplicationTestsContext.groovy] does not exist
13:13:27.184 [main] INFO org.springframework.test.context.support.AbstractContextLoader - Could not detect default resource locations for test class [com.howtodoinjava.example.springconfigclient.SpringConfigClientApplicationTests]: no resource found for suffixes {-context.xml, Context.groovy}.
13:13:27.185 [main] INFO org.springframework.test.context.support.AnnotationConfigContextLoaderUtils - Could not detect default configuration classes for test class [com.howtodoinjava.example.springconfigclient.SpringConfigClientApplicationTests]: SpringConfigClientApplicationTests does not declare any static, non-private, non-final, nested classes annotated with @Configuration.
13:13:27.239 [main] DEBUG org.springframework.test.context.support.ActiveProfilesUtils - Could not find an 'annotation declaring class' for annotation type [org.springframework.test.context.ActiveProfiles] and class [com.howtodoinjava.example.springconfigclient.SpringConfigClientApplicationTests]
13:13:27.342 [main] DEBUG org.springframework.test.context.junit4.SpringJUnit4ClassRunner - SpringJUnit4ClassRunner constructor called with [class com.howtodoinjava.example.springconfigclient.SpringConfigClientApplicationTests]
13:13:27.342 [main] DEBUG org.springframework.test.context.BootstrapUtils - Instantiating CacheAwareContextLoaderDelegate from class [org.springframework.test.context.cache.DefaultCacheAwareContextLoaderDelegate]
13:13:27.342 [main] DEBUG org.springframework.test.context.BootstrapUtils - Instantiating BootstrapContext using constructor [public org.springframework.test.context.support.DefaultBootstrapContext(java.lang.Class,org.springframework.test.context.CacheAwareContextLoaderDelegate)]
13:13:27.343 [main] DEBUG org.springframework.test.context.BootstrapUtils - Instantiating TestContextBootstrapper for test class [com.howtodoinjava.example.springconfigclient.SpringConfigClientApplicationTests] from class [org.springframework.boot.test.context.SpringBootTestContextBootstrapper]
13:13:27.344 [main] INFO org.springframework.boot.test.context.SpringBootTestContextBootstrapper - Neither @ContextConfiguration nor @ContextHierarchy found for test class [com.howtodoinjava.example.springconfigclient.SpringConfigClientApplicationTests], using SpringBootContextLoader
13:13:27.345 [main] DEBUG org.springframework.test.context.support.AbstractContextLoader - Did not detect default resource location for test class [com.howtodoinjava.example.springconfigclient.SpringConfigClientApplicationTests]: class path resource [com/howtodoinjava/example/springconfigclient/SpringConfigClientApplicationTests-context.xml] does not exist
13:13:27.346 [main] DEBUG org.springframework.test.context.support.AbstractContextLoader - Did not detect default resource location for test class [com.howtodoinjava.example.springconfigclient.SpringConfigClientApplicationTests]: class path resource [com/howtodoinjava/example/springconfigclient/SpringConfigClientApplicationTestsContext.groovy] does not exist
13:13:27.346 [main] INFO org.springframework.test.context.support.AbstractContextLoader - Could not detect default resource locations for test class [com.howtodoinjava.example.springconfigclient.SpringConfigClientApplicationTests]: no resource found for suffixes {-context.xml, Context.groovy}.
13:13:27.346 [main] INFO org.springframework.test.context.support.AnnotationConfigContextLoaderUtils - Could not detect default configuration classes for test class [com.howtodoinjava.example.springconfigclient.SpringConfigClientApplicationTests]: SpringConfigClientApplicationTests does not declare any static, non-private, non-final, nested classes annotated with @Configuration.
13:13:27.349 [main] DEBUG org.springframework.test.context.support.ActiveProfilesUtils - Could not find an 'annotation declaring class' for annotation type [org.springframework.test.context.ActiveProfiles] and class [com.howtodoinjava.example.springconfigclient.SpringConfigClientApplicationTests]
]]></system-out>
  </testcase>
</testsuite>